<?xml version="1.0" encoding="UTF-8"?>
<!-- Generated by org.testng.reporters.JUnitReportReporter -->
<testsuite hostname="Vineela" failures="0" tests="1" name="SeleniumTestNG.FlipkartHomepageNavigationsTest" time="10.313" errors="0" timestamp="2025-06-14T13:47:18 IST" skipped="0">
  <testcase classname="SeleniumTestNG.FlipkartHomepageNavigationsTest" name="testNavigations" time="10.313"/>
</testsuite> <!-- SeleniumTestNG.FlipkartHomepageNavigationsTest -->
