<?xml version="1.0" encoding="UTF-8"?>
<!-- Generated by org.testng.reporters.JUnitReportReporter -->
<testsuite hostname="Vineela" failures="0" tests="1" name="SeleniumTestNG.FlipkartHomepageNavigationsTest" time="10.306" errors="0" timestamp="2025-06-14T12:47:32 IST" skipped="0">
  <testcase classname="SeleniumTestNG.FlipkartHomepageNavigationsTest" name="testNavigations" time="10.306"/>
</testsuite> <!-- SeleniumTestNG.FlipkartHomepageNavigationsTest -->
