<?xml version="1.0" encoding="UTF-8"?>
<!-- Generated by org.testng.reporters.JUnitReportReporter -->
<testsuite hostname="Vineela" failures="0" tests="1" name="SeleniumTestNG.FlipKartHomePageTest" time="4.338" errors="0" timestamp="2025-06-03T15:23:21 IST" skipped="0">
  <testcase classname="SeleniumTestNG.FlipKartHomePageTest" name="testHomePage" time="4.338"/>
</testsuite> <!-- SeleniumTestNG.FlipKartHomePageTest -->
